{"uid":"d92c77ad5992708b","name":"authorizedUserShouldBeAbleToCreateNewProject","fullName":"com.teamcity.ui.CreateNewProjectTest.authorizedUserShouldBeAbleToCreateNewProject","historyId":"73f695ccffaef7ed1f03f77f3d058479","time":{"start":1717333670502,"stop":1717333683049,"duration":12547},"status":"failed","statusMessage":"Element not found {[id=\"projectName\"]}\nExpected: editable\nScreenshot: file:/home/runner/work/java_auto_workshop/java_auto_workshop/target/surefire-reports/1717333682856.0.png\nPage source: file:/home/runner/work/java_auto_workshop/java_auto_workshop/target/surefire-reports/1717333682856.0.html\nTimeout: 4 s.\nCaused by: NoSuchElementException: Unable to locate element: [id=\"projectName\"]","statusTrace":"Element not found {[id=\"projectName\"]}\nExpected: editable\nScreenshot: file:/home/runner/work/java_auto_workshop/java_auto_workshop/target/surefire-reports/1717333682856.0.png\nPage source: file:/home/runner/work/java_auto_workshop/java_auto_workshop/target/surefire-reports/1717333682856.0.html\nTimeout: 4 s.\nCaused by: NoSuchElementException: Unable to locate element: [id=\"projectName\"]\n\tat com.codeborne.selenide.impl.WebElementSource.createElementNotFoundError(WebElementSource.java:89)\n\tat com.codeborne.selenide.impl.ElementFinder.createElementNotFoundError(ElementFinder.java:142)\n\tat com.codeborne.selenide.impl.WebElementSource.handleError(WebElementSource.java:141)\n\tat com.codeborne.selenide.impl.WebElementSource.checkConditionAndReturnElement(WebElementSource.java:125)\n\tat com.codeborne.selenide.impl.WebElementSource.findAndAssertElementIsEditable(WebElementSource.java:182)\n\tat com.codeborne.selenide.commands.Clear.execute(Clear.java:41)\n\tat com.codeborne.selenide.commands.Clear.execute(Clear.java:33)\n\tat com.codeborne.selenide.commands.Commands.execute(Commands.java:162)\n\tat com.codeborne.selenide.impl.SelenideElementProxy.dispatchAndRetry(SelenideElementProxy.java:132)\n\tat com.codeborne.selenide.impl.SelenideElementProxy.invoke(SelenideElementProxy.java:84)\n\tat jdk.proxy2/jdk.proxy2.$Proxy47.clear(Unknown Source)\n\tat com.teamcity.ui.pages.admin.CreateNewProjectPage.setupProject(CreateNewProjectPage.java:31)\n\tat com.teamcity.ui.CreateNewProjectTest.authorizedUserShouldBeAbleToCreateNewProject(CreateNewProjectTest.java:21)\n\tat java.base/jdk.internal.reflect.NativeMethodAccessorImpl.invoke0(Native Method)\n\tat java.base/jdk.internal.reflect.NativeMethodAccessorImpl.invoke(NativeMethodAccessorImpl.java:77)\n\tat java.base/jdk.internal.reflect.DelegatingMethodAccessorImpl.invoke(DelegatingMethodAccessorImpl.java:43)\n\tat java.base/java.lang.reflect.Method.invoke(Method.java:568)\n\tat org.testng.internal.invokers.MethodInvocationHelper.invokeMethod(MethodInvocationHelper.java:139)\n\tat org.testng.internal.invokers.TestInvoker.invokeMethod(TestInvoker.java:677)\n\tat org.testng.internal.invokers.TestInvoker.invokeTestMethod(TestInvoker.java:221)\n\tat org.testng.internal.invokers.MethodRunner.runInSequence(MethodRunner.java:50)\n\tat org.testng.internal.invokers.TestInvoker$MethodInvocationAgent.invoke(TestInvoker.java:969)\n\tat org.testng.internal.invokers.TestInvoker.invokeTestMethods(TestInvoker.java:194)\n\tat org.testng.internal.invokers.TestMethodWorker.invokeTestMethods(TestMethodWorker.java:148)\n\tat org.testng.internal.invokers.TestMethodWorker.run(TestMethodWorker.java:128)\n\tat java.base/java.util.ArrayList.forEach(ArrayList.java:1511)\n\tat org.testng.TestRunner.privateRun(TestRunner.java:829)\n\tat org.testng.TestRunner.run(TestRunner.java:602)\n\tat org.testng.SuiteRunner.runTest(SuiteRunner.java:437)\n\tat org.testng.SuiteRunner.runSequentially(SuiteRunner.java:431)\n\tat org.testng.SuiteRunner.privateRun(SuiteRunner.java:391)\n\tat org.testng.SuiteRunner.run(SuiteRunner.java:330)\n\tat org.testng.SuiteRunnerWorker.runSuite(SuiteRunnerWorker.java:52)\n\tat org.testng.SuiteRunnerWorker.run(SuiteRunnerWorker.java:95)\n\tat org.testng.TestNG.runSuitesSequentially(TestNG.java:1256)\n\tat org.testng.TestNG.runSuitesLocally(TestNG.java:1176)\n\tat org.testng.TestNG.runSuites(TestNG.java:1099)\n\tat org.testng.TestNG.run(TestNG.java:1067)\n\tat org.apache.maven.surefire.testng.TestNGExecutor.run(TestNGExecutor.java:284)\n\tat org.apache.maven.surefire.testng.TestNGXmlTestSuite.execute(TestNGXmlTestSuite.java:75)\n\tat org.apache.maven.surefire.testng.TestNGProvider.invoke(TestNGProvider.java:119)\n\tat org.apache.maven.surefire.booter.ForkedBooter.runSuitesInProcess(ForkedBooter.java:428)\n\tat org.apache.maven.surefire.booter.ForkedBooter.execute(ForkedBooter.java:162)\n\tat org.apache.maven.surefire.booter.ForkedBooter.run(ForkedBooter.java:562)\n\tat org.apache.maven.surefire.booter.ForkedBooter.main(ForkedBooter.java:548)\nCaused by: org.openqa.selenium.NoSuchElementException: Unable to locate element: [id=\"projectName\"]\nFor documentation on this error, please visit: https://www.selenium.dev/documentation/webdriver/troubleshooting/errors#no-such-element-exception\nBuild info: version: '4.13.0', revision: 'ba948ece5b*'\nSystem info: os.name: 'Linux', os.arch: 'amd64', os.version: '6.5.0-1021-azure', java.version: '17.0.11'\nDriver info: org.openqa.selenium.remote.RemoteWebDriver\nCommand: [aeed4cb2-6b3e-4cd4-8c66-54aa41d608dc, findElement {using=css selector, value=[id=\"projectName\"]}]\nCapabilities {acceptInsecureCerts: true, browserName: firefox, browserVersion: 89.0, moz:accessibilityChecks: false, moz:buildID: 20210527174632, moz:debuggerAddress: localhost:46283, moz:geckodriverVersion: 0.29.1, moz:headless: false, moz:processID: 90, moz:profile: /tmp/rust_mozprofileGQ4BOi, moz:shutdownTimeout: 60000, moz:useNonSpecCompliantPointerOrigin: false, moz:webdriverClick: true, pageLoadStrategy: normal, platformName: linux, platformVersion: 6.5.0-1021-azure, se:cdp: ws://172.17.0.1:4444/devtoo..., se:cdpVersion: 89.0, setWindowRect: true, strictFileInteractability: false, timeouts: {implicit: 0, pageLoad: 300000, script: 30000}, unhandledPromptBehavior: accept}\nSession ID: aeed4cb2-6b3e-4cd4-8c66-54aa41d608dc\n\tat jdk.internal.reflect.GeneratedConstructorAccessor69.newInstance(Unknown Source)\n\tat java.base/jdk.internal.reflect.DelegatingConstructorAccessorImpl.newInstance(DelegatingConstructorAccessorImpl.java:45)\n\tat java.base/java.lang.reflect.Constructor.newInstanceWithCaller(Constructor.java:499)\n\tat java.base/java.lang.reflect.Constructor.newInstance(Constructor.java:480)\n\tat org.openqa.selenium.remote.codec.w3c.W3CHttpResponseCodec.createException(W3CHttpResponseCodec.java:200)\n\tat org.openqa.selenium.remote.codec.w3c.W3CHttpResponseCodec.decode(W3CHttpResponseCodec.java:133)\n\tat org.openqa.selenium.remote.codec.w3c.W3CHttpResponseCodec.decode(W3CHttpResponseCodec.java:52)\n\tat org.openqa.selenium.remote.HttpCommandExecutor.execute(HttpCommandExecutor.java:191)\n\tat org.openqa.selenium.remote.RemoteWebDriver.execute(RemoteWebDriver.java:602)\n\tat org.openqa.selenium.remote.ElementLocation$ElementFinder$2.findElement(ElementLocation.java:165)\n\tat org.openqa.selenium.remote.ElementLocation.findElement(ElementLocation.java:59)\n\tat org.openqa.selenium.remote.RemoteWebDriver.findElement(RemoteWebDriver.java:359)\n\tat org.openqa.selenium.remote.RemoteWebDriver.findElement(RemoteWebDriver.java:353)\n\tat com.codeborne.selenide.impl.WebElementSelector.findElement(WebElementSelector.java:70)\n\tat com.codeborne.selenide.impl.WebElementSelector.findElement(WebElementSelector.java:44)\n\tat com.codeborne.selenide.impl.WebElementSelector.findElement(WebElementSelector.java:33)\n\tat com.codeborne.selenide.impl.ElementFinder.getWebElement(ElementFinder.java:122)\n\tat com.codeborne.selenide.impl.WebElementSource.checkConditionAndReturnElement(WebElementSource.java:114)\n\t... 41 more\n","flaky":false,"newFailed":false,"newBroken":false,"newPassed":false,"retriesCount":0,"retriesStatusChange":false,"beforeStages":[{"name":"beforeTest","time":{"start":1717333670500,"stop":1717333670501,"duration":1},"description":"","status":"passed","steps":[],"attachments":[],"parameters":[],"shouldDisplayMessage":false,"stepsCount":0,"attachmentsCount":0,"hasContent":false}],"afterStages":[{"name":"afterTest","time":{"start":1717333683065,"stop":1717333683375,"duration":310},"description":"","status":"passed","steps":[],"attachments":[],"parameters":[],"shouldDisplayMessage":false,"stepsCount":0,"attachmentsCount":0,"hasContent":false}],"labels":[{"name":"package","value":"com.teamcity.ui.CreateNewProjectTest"},{"name":"testClass","value":"com.teamcity.ui.CreateNewProjectTest"},{"name":"testMethod","value":"authorizedUserShouldBeAbleToCreateNewProject"},{"name":"parentSuite","value":"UI Suite"},{"name":"suite","value":"UI Test"},{"name":"subSuite","value":"com.teamcity.ui.CreateNewProjectTest"},{"name":"host","value":"fv-az1110-675"},{"name":"thread","value":"6180@fv-az1110-675.main(1)"},{"name":"framework","value":"testng"},{"name":"language","value":"java"},{"name":"resultFormat","value":"allure2"}],"parameters":[],"links":[],"hidden":false,"retry":false,"extra":{"severity":"normal","retries":[],"categories":[{"name":"Product defects","matchedStatuses":[],"flaky":false}],"history":{"statistic":{"failed":7,"broken":2,"skipped":0,"passed":1,"unknown":0,"total":10},"items":[{"uid":"a75d686cdfb1840f","reportUrl":"https://a1ya.github.io/java_auto_workshop/33//#testresult/a75d686cdfb1840f","status":"failed","statusDetails":"Element not found {[id=\"projectName\"]}\nExpected: editable\nScreenshot: file:/home/runner/work/java_auto_workshop/java_auto_workshop/target/surefire-reports/1717332941276.0.png\nPage source: file:/home/runner/work/java_auto_workshop/java_auto_workshop/target/surefire-reports/1717332941276.0.html\nTimeout: 4 s.\nCaused by: NoSuchElementException: Unable to locate element: [id=\"projectName\"]","time":{"start":1717332927930,"stop":1717332941528,"duration":13598}},{"uid":"9f3402aaaa447712","reportUrl":"https://a1ya.github.io/java_auto_workshop/32//#testresult/9f3402aaaa447712","status":"failed","statusDetails":"Element not found {[id=\"projectName\"]}\nExpected: editable\nScreenshot: file:/home/runner/work/java_auto_workshop/java_auto_workshop/target/surefire-reports/1717332310194.0.png\nPage source: file:/home/runner/work/java_auto_workshop/java_auto_workshop/target/surefire-reports/1717332310194.0.html\nTimeout: 4 s.\nCaused by: NoSuchElementException: Unable to locate element: [id=\"projectName\"]","time":{"start":1717332296694,"stop":1717332310414,"duration":13720}},{"uid":"36e1a9407545a19e","reportUrl":"https://a1ya.github.io/java_auto_workshop/31//#testresult/36e1a9407545a19e","status":"failed","statusDetails":"Element not found {[id=\"url\"]}\nExpected: exist\nScreenshot: file:/home/runner/work/java_auto_workshop/java_auto_workshop/target/surefire-reports/1717331529360.0.png\nPage source: file:/home/runner/work/java_auto_workshop/java_auto_workshop/target/surefire-reports/1717331529360.0.html\nTimeout: 4 s.\nCaused by: NoSuchElementException: Unable to locate element: [id=\"url\"]","time":{"start":1717331517728,"stop":1717331529505,"duration":11777}},{"uid":"8a8e8030e33c306e","reportUrl":"https://a1ya.github.io/java_auto_workshop/30//#testresult/8a8e8030e33c306e","status":"failed","statusDetails":"Element not found {[id=\"projectName\"]}\nExpected: editable\nScreenshot: file:/home/runner/work/java_auto_workshop/java_auto_workshop/target/surefire-reports/1717331113584.0.png\nPage source: file:/home/runner/work/java_auto_workshop/java_auto_workshop/target/surefire-reports/1717331113584.0.html\nTimeout: 4 s.\nCaused by: NoSuchElementException: Unable to locate element: [id=\"projectName\"]","time":{"start":1717331101395,"stop":1717331113816,"duration":12421}},{"uid":"3a1ad4612da5a154","reportUrl":"https://a1ya.github.io/java_auto_workshop/29//#testresult/3a1ad4612da5a154","status":"failed","statusDetails":"Element not found {[id=\"url\"]}\nExpected: exist\nScreenshot: file:/home/runner/work/java_auto_workshop/java_auto_workshop/target/surefire-reports/1717330925530.0.png\nPage source: file:/home/runner/work/java_auto_workshop/java_auto_workshop/target/surefire-reports/1717330925530.0.html\nTimeout: 4 s.\nCaused by: NoSuchElementException: Unable to locate element: [id=\"url\"]","time":{"start":1717330914027,"stop":1717330925655,"duration":11628}},{"uid":"a8f7254c79251b88","reportUrl":"https://a1ya.github.io/java_auto_workshop/27//#testresult/a8f7254c79251b88","status":"failed","statusDetails":"Element not found {[id=\"url\"]}\nExpected: exist\nScreenshot: file:/home/runner/work/java_auto_workshop/java_auto_workshop/target/surefire-reports/1717330288522.0.png\nPage source: file:/home/runner/work/java_auto_workshop/java_auto_workshop/target/surefire-reports/1717330288522.0.html\nTimeout: 4 s.\nCaused by: NoSuchElementException: Unable to locate element: [id=\"url\"]","time":{"start":1717330276779,"stop":1717330288651,"duration":11872}},{"uid":"e1cc0bbec56c45b9","reportUrl":"https://a1ya.github.io/java_auto_workshop/26//#testresult/e1cc0bbec56c45b9","status":"broken","statusDetails":"com.fasterxml.jackson.databind.exc.UnrecognizedPropertyException: Unrecognized field \"id\" (class com.teamcity.api.models.User), not marked as ignorable (4 known properties: \"password\", \"email\", \"roles\", \"username\"])\n at [Source: (String)\"{\"username\":\"test_qwrgwlitvb\",\"id\":14,\"email\":\"test_bITyArgRRM@gmail.com\",\"href\":\"/app/rest/users/id:14\",\"properties\":{\"property\":[{\"name\":\"addTriggeredBuildToFavorites\",\"value\":\"true\"},{\"name\":\"plugin:vcs:anyVcs:anyVcsRoot\",\"value\":\"test_qWrGWliTvB\"},{\"name\":\"teamcity.server.buildNumber\",\"value\":\"147412\"}],\"count\":3,\"href\":\"/app/rest/users/id:14/properties\"},\"roles\":{\"role\":[{\"roleId\":\"SYSTEM_ADMIN\",\"scope\":\"g\",\"href\":\"/app/rest/users/id:14/roles/SYSTEM_ADMIN/g\"}]},\"groups\":{\"count\":1,\"group\":[\"[truncated 141 chars]; line: 1, column: 38] (through reference chain: com.teamcity.api.models.User[\"id\"])","time":{"start":1717329375426,"stop":1717329375477,"duration":51}},{"uid":"2520f5ac2a7d027b","reportUrl":"https://a1ya.github.io/java_auto_workshop/25//#testresult/2520f5ac2a7d027b","status":"broken","statusDetails":"com.fasterxml.jackson.databind.exc.UnrecognizedPropertyException: Unrecognized field \"id\" (class com.teamcity.api.models.User), not marked as ignorable (4 known properties: \"password\", \"email\", \"roles\", \"username\"])\n at [Source: (String)\"{\"username\":\"test_wtuslgyveq\",\"id\":14,\"email\":\"test_wIdGrWHkoM@gmail.com\",\"href\":\"/app/rest/users/id:14\",\"properties\":{\"property\":[{\"name\":\"addTriggeredBuildToFavorites\",\"value\":\"true\"},{\"name\":\"plugin:vcs:anyVcs:anyVcsRoot\",\"value\":\"test_WTuSLgyVEq\"},{\"name\":\"teamcity.server.buildNumber\",\"value\":\"147412\"}],\"count\":3,\"href\":\"/app/rest/users/id:14/properties\"},\"roles\":{\"role\":[{\"roleId\":\"SYSTEM_ADMIN\",\"scope\":\"g\",\"href\":\"/app/rest/users/id:14/roles/SYSTEM_ADMIN/g\"}]},\"groups\":{\"count\":1,\"group\":[\"[truncated 141 chars]; line: 1, column: 38] (through reference chain: com.teamcity.api.models.User[\"id\"])","time":{"start":1717328377162,"stop":1717328377238,"duration":76}},{"uid":"66bda1943ac50547","reportUrl":"https://a1ya.github.io/java_auto_workshop/24//#testresult/66bda1943ac50547","status":"passed","time":{"start":1717324984325,"stop":1717324998201,"duration":13876}}]},"tags":[]},"source":"d92c77ad5992708b.json","parameterValues":[]}