{"uid":"475240f777e55e04","name":"buildConfigurationWithIDLongerThanMaxLengthShouldNotBeCreated","fullName":"com.teamcity.api.BuildConfigurationTest.buildConfigurationWithIDLongerThanMaxLengthShouldNotBeCreated","historyId":"7ffeb477f446713f24222957f1e8a5d8","time":{"start":1717331099991,"stop":1717331100163,"duration":172},"status":"failed","statusMessage":"1 expectation failed.\nResponse body doesn't match expectation.\nExpected: a string containing \"Build configuration or template ID \\\"5uT8dBZAliO404PpdDSTwF0IbuVYYZFXP3bu5uZBR0zhaysAreB6amie1jiKEynVL70SXkaply5hmN03USeBGGgLHtUyo7ozxoPUuOqAzrLFH84pzAcN9AYnWemkidlXvAiYepLmvYUgIjuUcJTkUk1AFYbqF0D9E8CJ4n7LopUkBDQhzLnTal0TwOoEvdb7fecvpbN8ITFrIlhd7TjgqmcOSQrSn2KONj\\\" is invalid: it is 226 characters long while the maximum length is 225.\"\n  Actual: Error has occurred during request processing, status code: 500 (Internal Server Error).\nDetails: jetbrains.buildServer.serverSide.InvalidIdentifierException: Build configuration or template ID \"5uT8dBZAliO404PpdDSTwF0IbuVYYZFXP3bu5uZBR0zhaysAreB6amie1jiKEynVL70SXkaply5hmN03USeBGGgLHtUyo7ozxoPUuOqAzrLFH84pzAcN9AYnWemkidlXvAiYepLmvYUgIjuUcJTkUk1AFYbqF0D9E8CJ4n7LopUkBDQhzLnTal0TwOoEvdb7fecvpbN8ITFrIlhd7TjgqmcOSQrSn2KONj\" is invalid: starts with non-letter character '5'. ID should start with a latin letter and contain only latin letters, digits and underscores (at most 225 characters).\nError occurred while processing this request.\n","statusTrace":"java.lang.AssertionError: 1 expectation failed.\nResponse body doesn't match expectation.\nExpected: a string containing \"Build configuration or template ID \\\"5uT8dBZAliO404PpdDSTwF0IbuVYYZFXP3bu5uZBR0zhaysAreB6amie1jiKEynVL70SXkaply5hmN03USeBGGgLHtUyo7ozxoPUuOqAzrLFH84pzAcN9AYnWemkidlXvAiYepLmvYUgIjuUcJTkUk1AFYbqF0D9E8CJ4n7LopUkBDQhzLnTal0TwOoEvdb7fecvpbN8ITFrIlhd7TjgqmcOSQrSn2KONj\\\" is invalid: it is 226 characters long while the maximum length is 225.\"\n  Actual: Error has occurred during request processing, status code: 500 (Internal Server Error).\nDetails: jetbrains.buildServer.serverSide.InvalidIdentifierException: Build configuration or template ID \"5uT8dBZAliO404PpdDSTwF0IbuVYYZFXP3bu5uZBR0zhaysAreB6amie1jiKEynVL70SXkaply5hmN03USeBGGgLHtUyo7ozxoPUuOqAzrLFH84pzAcN9AYnWemkidlXvAiYepLmvYUgIjuUcJTkUk1AFYbqF0D9E8CJ4n7LopUkBDQhzLnTal0TwOoEvdb7fecvpbN8ITFrIlhd7TjgqmcOSQrSn2KONj\" is invalid: starts with non-letter character '5'. ID should start with a latin letter and contain only latin letters, digits and underscores (at most 225 characters).\nError occurred while processing this request.\n\n\tat java.base/jdk.internal.reflect.NativeConstructorAccessorImpl.newInstance0(Native Method)\n\tat java.base/jdk.internal.reflect.NativeConstructorAccessorImpl.newInstance(NativeConstructorAccessorImpl.java:77)\n\tat java.base/jdk.internal.reflect.DelegatingConstructorAccessorImpl.newInstance(DelegatingConstructorAccessorImpl.java:45)\n\tat java.base/java.lang.reflect.Constructor.newInstanceWithCaller(Constructor.java:499)\n\tat java.base/java.lang.reflect.Constructor.newInstance(Constructor.java:480)\n\tat org.codehaus.groovy.reflection.CachedConstructor.invoke(CachedConstructor.java:73)\n\tat org.codehaus.groovy.runtime.callsite.ConstructorSite$ConstructorSiteNoUnwrapNoCoerce.callConstructor(ConstructorSite.java:108)\n\tat org.codehaus.groovy.runtime.callsite.AbstractCallSite.callConstructor(AbstractCallSite.java:277)\n\tat io.restassured.internal.ResponseSpecificationImpl$HamcrestAssertionClosure.validate(ResponseSpecificationImpl.groovy:512)\n\tat io.restassured.internal.ResponseSpecificationImpl$HamcrestAssertionClosure$validate$1.call(Unknown Source)\n\tat io.restassured.internal.ResponseSpecificationImpl.validateResponseIfRequired(ResponseSpecificationImpl.groovy:696)\n\tat io.restassured.internal.ResponseSpecificationImpl.this$2$validateResponseIfRequired(ResponseSpecificationImpl.groovy)\n\tat jdk.internal.reflect.GeneratedMethodAccessor159.invoke(Unknown Source)\n\tat java.base/jdk.internal.reflect.DelegatingMethodAccessorImpl.invoke(DelegatingMethodAccessorImpl.java:43)\n\tat java.base/java.lang.reflect.Method.invoke(Method.java:568)\n\tat org.codehaus.groovy.runtime.callsite.PlainObjectMetaMethodSite.doInvoke(PlainObjectMetaMethodSite.java:43)\n\tat org.codehaus.groovy.runtime.callsite.PogoMetaMethodSite$PogoCachedMethodSiteNoUnwrapNoCoerce.invoke(PogoMetaMethodSite.java:198)\n\tat org.codehaus.groovy.runtime.callsite.PogoMetaMethodSite.callCurrent(PogoMetaMethodSite.java:62)\n\tat org.codehaus.groovy.runtime.callsite.AbstractCallSite.callCurrent(AbstractCallSite.java:185)\n\tat io.restassured.internal.ResponseSpecificationImpl.body(ResponseSpecificationImpl.groovy:107)\n\tat io.restassured.internal.ValidatableResponseOptionsImpl.body(ValidatableResponseOptionsImpl.java:238)\n\tat com.teamcity.api.BuildConfigurationTest.buildConfigurationWithIDLongerThanMaxLengthShouldNotBeCreated(BuildConfigurationTest.java:101)\n\tat java.base/jdk.internal.reflect.NativeMethodAccessorImpl.invoke0(Native Method)\n\tat java.base/jdk.internal.reflect.NativeMethodAccessorImpl.invoke(NativeMethodAccessorImpl.java:77)\n\tat java.base/jdk.internal.reflect.DelegatingMethodAccessorImpl.invoke(DelegatingMethodAccessorImpl.java:43)\n\tat java.base/java.lang.reflect.Method.invoke(Method.java:568)\n\tat org.testng.internal.invokers.MethodInvocationHelper.invokeMethod(MethodInvocationHelper.java:139)\n\tat org.testng.internal.invokers.TestInvoker.invokeMethod(TestInvoker.java:677)\n\tat org.testng.internal.invokers.TestInvoker.invokeTestMethod(TestInvoker.java:221)\n\tat org.testng.internal.invokers.MethodRunner.runInSequence(MethodRunner.java:50)\n\tat org.testng.internal.invokers.TestInvoker$MethodInvocationAgent.invoke(TestInvoker.java:969)\n\tat org.testng.internal.invokers.TestInvoker.invokeTestMethods(TestInvoker.java:194)\n\tat org.testng.internal.invokers.TestMethodWorker.invokeTestMethods(TestMethodWorker.java:148)\n\tat org.testng.internal.invokers.TestMethodWorker.run(TestMethodWorker.java:128)\n\tat java.base/java.util.ArrayList.forEach(ArrayList.java:1511)\n\tat org.testng.TestRunner.privateRun(TestRunner.java:829)\n\tat org.testng.TestRunner.run(TestRunner.java:602)\n\tat org.testng.SuiteRunner.runTest(SuiteRunner.java:437)\n\tat org.testng.SuiteRunner.runSequentially(SuiteRunner.java:431)\n\tat org.testng.SuiteRunner.privateRun(SuiteRunner.java:391)\n\tat org.testng.SuiteRunner.run(SuiteRunner.java:330)\n\tat org.testng.SuiteRunnerWorker.runSuite(SuiteRunnerWorker.java:52)\n\tat org.testng.SuiteRunnerWorker.run(SuiteRunnerWorker.java:95)\n\tat org.testng.TestNG.runSuitesSequentially(TestNG.java:1256)\n\tat org.testng.TestNG.runSuitesLocally(TestNG.java:1176)\n\tat org.testng.TestNG.runSuites(TestNG.java:1099)\n\tat org.testng.TestNG.run(TestNG.java:1067)\n\tat org.apache.maven.surefire.testng.TestNGExecutor.run(TestNGExecutor.java:284)\n\tat org.apache.maven.surefire.testng.TestNGXmlTestSuite.execute(TestNGXmlTestSuite.java:75)\n\tat org.apache.maven.surefire.testng.TestNGProvider.invoke(TestNGProvider.java:119)\n\tat org.apache.maven.surefire.booter.ForkedBooter.runSuitesInProcess(ForkedBooter.java:428)\n\tat org.apache.maven.surefire.booter.ForkedBooter.execute(ForkedBooter.java:162)\n\tat org.apache.maven.surefire.booter.ForkedBooter.run(ForkedBooter.java:562)\n\tat org.apache.maven.surefire.booter.ForkedBooter.main(ForkedBooter.java:548)\n","flaky":false,"newFailed":true,"newBroken":false,"newPassed":false,"retriesCount":0,"retriesStatusChange":false,"beforeStages":[{"name":"beforeTest","time":{"start":1717331099984,"stop":1717331099984,"duration":0},"description":"","status":"passed","steps":[],"attachments":[],"parameters":[],"shouldDisplayMessage":false,"stepsCount":0,"attachmentsCount":0,"hasContent":false}],"afterStages":[{"name":"afterTest","time":{"start":1717331100165,"stop":1717331100441,"duration":276},"description":"","status":"passed","steps":[],"attachments":[],"parameters":[],"shouldDisplayMessage":false,"stepsCount":0,"attachmentsCount":0,"hasContent":false}],"labels":[{"name":"package","value":"com.teamcity.api.BuildConfigurationTest"},{"name":"testClass","value":"com.teamcity.api.BuildConfigurationTest"},{"name":"testMethod","value":"buildConfigurationWithIDLongerThanMaxLengthShouldNotBeCreated"},{"name":"parentSuite","value":"API Suite"},{"name":"suite","value":"API Test"},{"name":"subSuite","value":"com.teamcity.api.BuildConfigurationTest"},{"name":"host","value":"fv-az1498-484"},{"name":"thread","value":"6233@fv-az1498-484.main(1)"},{"name":"framework","value":"testng"},{"name":"language","value":"java"},{"name":"resultFormat","value":"allure2"}],"parameters":[],"links":[],"hidden":false,"retry":false,"extra":{"severity":"normal","retries":[],"categories":[{"name":"Product defects","matchedStatuses":[],"flaky":false}],"history":{"statistic":{"failed":1,"broken":4,"skipped":0,"passed":1,"unknown":0,"total":6},"items":[{"uid":"3f8b77069679a855","reportUrl":"https://a1ya.github.io/java_auto_workshop/29//#testresult/3f8b77069679a855","status":"broken","statusDetails":"com.fasterxml.jackson.databind.exc.UnrecognizedPropertyException: Unrecognized field \"virtual\" (class com.teamcity.api.models.Project), not marked as ignorable (5 known properties: \"parentProjectId\", \"id\", \"locator\", \"name\", \"buildTypes\"])\n at [Source: (String)\"{\"id\":\"test_nShNguBfZQ\",\"name\":\"test_DTDpvahbvS\",\"parentProjectId\":\"_Root\",\"virtual\":false,\"href\":\"/app/rest/projects/id:test_nShNguBfZQ\",\"webUrl\":\"http://localhost:8111/project.html?projectId=test_nShNguBfZQ\",\"parentProject\":{\"id\":\"_Root\",\"name\":\"<Root project>\",\"description\":\"Contains all other projects\",\"href\":\"/app/rest/projects/id:_Root\",\"webUrl\":\"http://localhost:8111/project.html?projectId=_Root\"},\"buildTypes\":{\"count\":0,\"buildType\":[]},\"templates\":{\"count\":0,\"buildType\":[]},\"deploymentDa\"[truncated 324 chars]; line: 1, column: 91] (through reference chain: com.teamcity.api.models.Project[\"virtual\"])","time":{"start":1717330912842,"stop":1717330912927,"duration":85}},{"uid":"34e15a4d91a00330","reportUrl":"https://a1ya.github.io/java_auto_workshop/27//#testresult/34e15a4d91a00330","status":"broken","statusDetails":"com.fasterxml.jackson.databind.exc.UnrecognizedPropertyException: Unrecognized field \"virtual\" (class com.teamcity.api.models.Project), not marked as ignorable (5 known properties: \"parentProjectId\", \"id\", \"locator\", \"name\", \"buildTypes\"])\n at [Source: (String)\"{\"id\":\"test_ZNFHGkCzuI\",\"name\":\"test_VkNcYjRxkZ\",\"parentProjectId\":\"_Root\",\"virtual\":false,\"href\":\"/app/rest/projects/id:test_ZNFHGkCzuI\",\"webUrl\":\"http://localhost:8111/project.html?projectId=test_ZNFHGkCzuI\",\"parentProject\":{\"id\":\"_Root\",\"name\":\"<Root project>\",\"description\":\"Contains all other projects\",\"href\":\"/app/rest/projects/id:_Root\",\"webUrl\":\"http://localhost:8111/project.html?projectId=_Root\"},\"buildTypes\":{\"count\":0,\"buildType\":[]},\"templates\":{\"count\":0,\"buildType\":[]},\"deploymentDa\"[truncated 324 chars]; line: 1, column: 91] (through reference chain: com.teamcity.api.models.Project[\"virtual\"])","time":{"start":1717330275342,"stop":1717330275475,"duration":133}},{"uid":"a2e61722d4c8063a","reportUrl":"https://a1ya.github.io/java_auto_workshop/26//#testresult/a2e61722d4c8063a","status":"broken","statusDetails":"com.fasterxml.jackson.databind.exc.UnrecognizedPropertyException: Unrecognized field \"id\" (class com.teamcity.api.models.User), not marked as ignorable (4 known properties: \"password\", \"email\", \"roles\", \"username\"])\n at [Source: (String)\"{\"username\":\"test_cfwskpgqvp\",\"id\":11,\"email\":\"test_NNqLznwKUC@gmail.com\",\"href\":\"/app/rest/users/id:11\",\"properties\":{\"property\":[{\"name\":\"addTriggeredBuildToFavorites\",\"value\":\"true\"},{\"name\":\"plugin:vcs:anyVcs:anyVcsRoot\",\"value\":\"test_cfwskPGqvp\"},{\"name\":\"teamcity.server.buildNumber\",\"value\":\"147412\"}],\"count\":3,\"href\":\"/app/rest/users/id:11/properties\"},\"roles\":{\"role\":[{\"roleId\":\"SYSTEM_ADMIN\",\"scope\":\"g\",\"href\":\"/app/rest/users/id:11/roles/SYSTEM_ADMIN/g\"}]},\"groups\":{\"count\":1,\"group\":[\"[truncated 141 chars]; line: 1, column: 38] (through reference chain: com.teamcity.api.models.User[\"id\"])","time":{"start":1717329373924,"stop":1717329374040,"duration":116}},{"uid":"a7b95586cf6baea8","reportUrl":"https://a1ya.github.io/java_auto_workshop/25//#testresult/a7b95586cf6baea8","status":"broken","statusDetails":"com.fasterxml.jackson.databind.exc.UnrecognizedPropertyException: Unrecognized field \"id\" (class com.teamcity.api.models.User), not marked as ignorable (4 known properties: \"password\", \"email\", \"roles\", \"username\"])\n at [Source: (String)\"{\"username\":\"test_pzhfbuvdor\",\"id\":11,\"email\":\"test_WjizIaCaDO@gmail.com\",\"href\":\"/app/rest/users/id:11\",\"properties\":{\"property\":[{\"name\":\"addTriggeredBuildToFavorites\",\"value\":\"true\"},{\"name\":\"plugin:vcs:anyVcs:anyVcsRoot\",\"value\":\"test_pZhFBuVdOr\"},{\"name\":\"teamcity.server.buildNumber\",\"value\":\"147412\"}],\"count\":3,\"href\":\"/app/rest/users/id:11/properties\"},\"roles\":{\"role\":[{\"roleId\":\"SYSTEM_ADMIN\",\"scope\":\"g\",\"href\":\"/app/rest/users/id:11/roles/SYSTEM_ADMIN/g\"}]},\"groups\":{\"count\":1,\"group\":[\"[truncated 141 chars]; line: 1, column: 38] (through reference chain: com.teamcity.api.models.User[\"id\"])","time":{"start":1717328375561,"stop":1717328375654,"duration":93}},{"uid":"93248204a5bebfa5","reportUrl":"https://a1ya.github.io/java_auto_workshop/24//#testresult/93248204a5bebfa5","status":"passed","time":{"start":1717324983005,"stop":1717324983121,"duration":116}}]},"tags":[]},"source":"475240f777e55e04.json","parameterValues":[]}